Release 14.7 - xst P.20131013 (nt64)
Copyright (c) 1995-2013 Xilinx, Inc.  All rights reserved.
--> Parameter TMPDIR set to xst/projnav.tmp


Total REAL time to Xst completion: 0.00 secs
Total CPU time to Xst completion: 0.09 secs
 
--> Parameter xsthdpdir set to xst


Total REAL time to Xst completion: 0.00 secs
Total CPU time to Xst completion: 0.09 secs
 
--> Reading design: one.prj

TABLE OF CONTENTS
  1) Synthesis Options Summary
  2) HDL Parsing
  3) HDL Elaboration
  4) HDL Synthesis
       4.1) HDL Synthesis Report
  5) Advanced HDL Synthesis
       5.1) Advanced HDL Synthesis Report
  6) Low Level Synthesis
  7) Partition Report
  8) Design Summary
       8.1) Primitive and Black Box Usage
       8.2) Device utilization summary
       8.3) Partition Resource Summary
       8.4) Timing Report
            8.4.1) Clock Information
            8.4.2) Asynchronous Control Signals Information
            8.4.3) Timing Summary
            8.4.4) Timing Details
            8.4.5) Cross Clock Domains Report


=========================================================================
*                      Synthesis Options Summary                        *
=========================================================================
---- Source Parameters
Input File Name                    : "one.prj"
Ignore Synthesis Constraint File   : NO

---- Target Parameters
Output File Name                   : "one"
Output Format                      : NGC
Target Device                      : xc6slx9-3-tqg144

---- Source Options
Top Module Name                    : one
Automatic FSM Extraction           : YES
FSM Encoding Algorithm             : Auto
Safe Implementation                : No
FSM Style                          : LUT
RAM Extraction                     : Yes
RAM Style                          : Auto
ROM Extraction                     : Yes
Shift Register Extraction          : YES
ROM Style                          : Auto
Resource Sharing                   : YES
Asynchronous To Synchronous        : NO
Shift Register Minimum Size        : 2
Use DSP Block                      : Auto
Automatic Register Balancing       : No

---- Target Options
LUT Combining                      : Auto
Reduce Control Sets                : Auto
Add IO Buffers                     : YES
Global Maximum Fanout              : 100000
Add Generic Clock Buffer(BUFG)     : 16
Register Duplication               : YES
Optimize Instantiated Primitives   : NO
Use Clock Enable                   : Auto
Use Synchronous Set                : Auto
Use Synchronous Reset              : Auto
Pack IO Registers into IOBs        : Auto
Equivalent register Removal        : YES

---- General Options
Optimization Goal                  : Speed
Optimization Effort                : 1
Power Reduction                    : NO
Keep Hierarchy                     : No
Netlist Hierarchy                  : As_Optimized
RTL Output                         : Yes
Global Optimization                : AllClockNets
Read Cores                         : YES
Write Timing Constraints           : NO
Cross Clock Analysis               : NO
Hierarchy Separator                : /
Bus Delimiter                      : <>
Case Specifier                     : Maintain
Slice Utilization Ratio            : 100
BRAM Utilization Ratio             : 100
DSP48 Utilization Ratio            : 100
Auto BRAM Packing                  : NO
Slice Utilization Ratio Delta      : 5

=========================================================================


=========================================================================
*                          HDL Parsing                                  *
=========================================================================
Analyzing Verilog file "C:\Digi\counterOneToFive\HEXto7Seg.vf" into library work
Parsing module <D4_16E_HXILINX_HEXto7Seg>.
Parsing module <NOR6_HXILINX_HEXto7Seg>.
Parsing module <HEXto7Seg>.
Analyzing Verilog file "C:\Digi\counterOneToFive\one.vf" into library work
Parsing module <CB4CE_HXILINX_one>.
Parsing module <ADD4_HXILINX_one>.
Parsing module <one>.

=========================================================================
*                            HDL Elaboration                            *
=========================================================================

Elaborating module <one>.

Elaborating module <AND4>.

Elaborating module <INV>.

Elaborating module <VCC>.

Elaborating module <OR2>.

Elaborating module <GND>.

Elaborating module <HEXto7Seg>.

Elaborating module <D4_16E_HXILINX_HEXto7Seg>.

Elaborating module <NOR4>.

Elaborating module <NOR6_HXILINX_HEXto7Seg>.

Elaborating module <NOR5>.

Elaborating module <ADD4_HXILINX_one>.

Elaborating module <CB4CE_HXILINX_one>.
WARNING:HDLCompiler:413 - "C:\Digi\counterOneToFive\one.vf" Line 48: Result of 5-bit expression is truncated to fit in 4-bit target.
WARNING:HDLCompiler:552 - "C:\Digi\counterOneToFive\one.vf" Line 140: Input port CI is not connected on this instance

=========================================================================
*                           HDL Synthesis                               *
=========================================================================

Synthesizing Unit <one>.
    Related source file is "C:\Digi\counterOneToFive\one.vf".
    Set property "HU_SET = XLXI_41_0" for instance <XLXI_41>.
    Set property "HU_SET = XLXI_53_1" for instance <XLXI_53>.
WARNING:Xst:2898 - Port 'CI', unconnected in block instance 'XLXI_41', is tied to GND.
INFO:Xst:3210 - "C:\Digi\counterOneToFive\one.vf" line 140: Output port <CO> of the instance <XLXI_41> is unconnected or connected to loadless signal.
INFO:Xst:3210 - "C:\Digi\counterOneToFive\one.vf" line 140: Output port <OFL> of the instance <XLXI_41> is unconnected or connected to loadless signal.
INFO:Xst:3210 - "C:\Digi\counterOneToFive\one.vf" line 166: Output port <CEO> of the instance <XLXI_53> is unconnected or connected to loadless signal.
INFO:Xst:3210 - "C:\Digi\counterOneToFive\one.vf" line 166: Output port <TC> of the instance <XLXI_53> is unconnected or connected to loadless signal.
    Summary:
	no macro.
Unit <one> synthesized.

Synthesizing Unit <HEXto7Seg>.
    Related source file is "C:\Digi\counterOneToFive\HEXto7Seg.vf".
    Set property "HU_SET = XLXI_4_0" for instance <XLXI_4>.
    Set property "HU_SET = XLXI_6_1" for instance <XLXI_6>.
    Set property "HU_SET = XLXI_9_2" for instance <XLXI_9>.
INFO:Xst:3210 - "C:\Digi\counterOneToFive\HEXto7Seg.vf" line 137: Output port <D8> of the instance <XLXI_4> is unconnected or connected to loadless signal.
    Summary:
	no macro.
Unit <HEXto7Seg> synthesized.

Synthesizing Unit <D4_16E_HXILINX_HEXto7Seg>.
    Related source file is "C:\Digi\counterOneToFive\HEXto7Seg.vf".
    Summary:
	inferred  16 Multiplexer(s).
Unit <D4_16E_HXILINX_HEXto7Seg> synthesized.

Synthesizing Unit <NOR6_HXILINX_HEXto7Seg>.
    Related source file is "C:\Digi\counterOneToFive\HEXto7Seg.vf".
    Summary:
	no macro.
Unit <NOR6_HXILINX_HEXto7Seg> synthesized.

Synthesizing Unit <ADD4_HXILINX_one>.
    Related source file is "C:\Digi\counterOneToFive\one.vf".
    Found 5-bit adder for signal <n0011> created at line 77.
    Summary:
	inferred   1 Adder/Subtractor(s).
Unit <ADD4_HXILINX_one> synthesized.

Synthesizing Unit <CB4CE_HXILINX_one>.
    Related source file is "C:\Digi\counterOneToFive\one.vf".
    Found 1-bit register for signal <Q1>.
    Found 1-bit register for signal <Q2>.
    Found 1-bit register for signal <Q3>.
    Found 1-bit register for signal <Q0>.
    Found 4-bit adder for signal <Q3_GND_13_o_add_0_OUT> created at line 48.
    Summary:
	inferred   1 Adder/Subtractor(s).
	inferred   4 D-type flip-flop(s).
Unit <CB4CE_HXILINX_one> synthesized.

=========================================================================
HDL Synthesis Report

Macro Statistics
# Adders/Subtractors                                   : 2
 4-bit adder                                           : 1
 5-bit adder                                           : 1
# Registers                                            : 4
 1-bit register                                        : 4
# Multiplexers                                         : 16
 1-bit 2-to-1 multiplexer                              : 16

=========================================================================

=========================================================================
*                       Advanced HDL Synthesis                          *
=========================================================================


=========================================================================
Advanced HDL Synthesis Report

Macro Statistics
# Adders/Subtractors                                   : 2
 4-bit adder                                           : 1
 5-bit adder                                           : 1
# Registers                                            : 4
 Flip-Flops                                            : 4
# Multiplexers                                         : 16
 1-bit 2-to-1 multiplexer                              : 16

=========================================================================

=========================================================================
*                         Low Level Synthesis                           *
=========================================================================

Optimizing unit <one> ...

Optimizing unit <HEXto7Seg> ...

Optimizing unit <CB4CE_HXILINX_one> ...

Optimizing unit <ADD4_HXILINX_one> ...

Optimizing unit <D4_16E_HXILINX_HEXto7Seg> ...

Optimizing unit <NOR6_HXILINX_HEXto7Seg> ...

Mapping all equations...
Building and optimizing final netlist ...
Found area constraint ratio of 100 (+ 5) on block one, actual ratio is 0.

Final Macro Processing ...

=========================================================================
Final Register Report

Macro Statistics
# Registers                                            : 4
 Flip-Flops                                            : 4

=========================================================================

=========================================================================
*                           Partition Report                            *
=========================================================================

Partition Implementation Status
-------------------------------

  No Partitions were found in this design.

-------------------------------

=========================================================================
*                            Design Summary                             *
=========================================================================

Top Level Output File Name         : one.ngc

Primitive and Black Box Usage:
------------------------------
# BELS                             : 35
#      AND4                        : 2
#      GND                         : 1
#      INV                         : 7
#      LUT2                        : 2
#      LUT3                        : 2
#      LUT4                        : 17
#      LUT6                        : 2
#      OR2                         : 1
#      VCC                         : 1
# FlipFlops/Latches                : 4
#      FDCE                        : 4
# IO Buffers                       : 13
#      IBUF                        : 1
#      OBUF                        : 12
# Logical                          : 5
#      NOR4                        : 3
#      NOR5                        : 2

Device utilization summary:
---------------------------

Selected Device : 6slx9tqg144-3 


Slice Logic Utilization: 
 Number of Slice Registers:               4  out of  11440     0%  
 Number of Slice LUTs:                   30  out of   5720     0%  
    Number used as Logic:                30  out of   5720     0%  

Slice Logic Distribution: 
 Number of LUT Flip Flop pairs used:     34
   Number with an unused Flip Flop:      30  out of     34    88%  
   Number with an unused LUT:             4  out of     34    11%  
   Number of fully used LUT-FF pairs:     0  out of     34     0%  
   Number of unique control sets:         1

IO Utilization: 
 Number of IOs:                          13
 Number of bonded IOBs:                  13  out of    102    12%  

Specific Feature Utilization:

---------------------------
Partition Resource Summary:
---------------------------

  No Partitions were found in this design.

---------------------------


=========================================================================
Timing Report

NOTE: THESE TIMING NUMBERS ARE ONLY A SYNTHESIS ESTIMATE.
      FOR ACCURATE TIMING INFORMATION PLEASE REFER TO THE TRACE REPORT
      GENERATED AFTER PLACE-and-ROUTE.

Clock Information:
------------------
-----------------------------------+------------------------+-------+
Clock Signal                       | Clock buffer(FF name)  | Load  |
-----------------------------------+------------------------+-------+
XLXN_66(XLXI_21:O)                 | NONE(*)(XLXI_53/Q3)    | 4     |
-----------------------------------+------------------------+-------+
(*) This 1 clock signal(s) are generated by combinatorial logic,
and XST is not able to identify which are the primary clock signals.
Please use the CLOCK_SIGNAL constraint to specify the clock signal(s) generated by combinatorial logic.
INFO:Xst:2169 - HDL ADVISOR - Some clock signals were not automatically buffered by XST with BUFG/BUFR resources. Please use the buffer_type constraint in order to insert these buffers to the clock signals to help prevent skew problems.

Asynchronous Control Signals Information:
----------------------------------------
No asynchronous control signals found in this design

Timing Summary:
---------------
Speed Grade: -3

   Minimum period: 4.076ns (Maximum Frequency: 245.342MHz)
   Minimum input arrival time before clock: No path found
   Maximum output required time after clock: 7.472ns
   Maximum combinational path delay: No path found

Timing Details:
---------------
All values displayed in nanoseconds (ns)

=========================================================================
Timing constraint: Default period analysis for Clock 'XLXN_66'
  Clock period: 4.076ns (frequency: 245.342MHz)
  Total number of paths / destination ports: 26 / 8
-------------------------------------------------------------------------
Delay:               4.076ns (Levels of Logic = 3)
  Source:            XLXI_53/Q1 (FF)
  Destination:       XLXI_53/Q3 (FF)
  Source Clock:      XLXN_66 rising
  Destination Clock: XLXN_66 rising

  Data Path: XLXI_53/Q1 to XLXI_53/Q3
                                Gate     Net
    Cell:in->out      fanout   Delay   Delay  Logical Name (Net Name)
    ----------------------------------------  ------------
     FDCE:C->Q             8   0.447   0.802  Q1 (Q1)
     end scope: 'XLXI_53:Q1'
     INV:I->O              1   0.568   0.827  XLXI_51 (XLXN_64)
     AND4:I2->O            4   0.320   0.683  XLXI_4 (XLXN_14)
     begin scope: 'XLXI_53:CLR'
     FDCE:CLR                  0.430          Q3
    ----------------------------------------
    Total                      4.076ns (1.765ns logic, 2.311ns route)
                                       (43.3% logic, 56.7% route)

=========================================================================
Timing constraint: Default OFFSET OUT AFTER for Clock 'XLXN_66'
  Total number of paths / destination ports: 344 / 8
-------------------------------------------------------------------------
Offset:              7.472ns (Levels of Logic = 7)
  Source:            XLXI_53/Q2 (FF)
  Destination:       Seg<6> (PAD)
  Source Clock:      XLXN_66 rising

  Data Path: XLXI_53/Q2 to Seg<6>
                                Gate     Net
    Cell:in->out      fanout   Delay   Delay  Logical Name (Net Name)
    ----------------------------------------  ------------
     FDCE:C->Q             6   0.447   0.973  Q2 (Q2)
     end scope: 'XLXI_53:Q2'
     begin scope: 'XLXI_41:A2'
     LUT3:I0->O           15   0.205   1.210  Madd_n0011_xor<2>11 (S2)
     end scope: 'XLXI_41:S2'
     begin scope: 'XLXI_37/XLXI_4:A2'
     LUT4:I1->O            5   0.205   1.059  Mmux_D1111 (D1)
     end scope: 'XLXI_37/XLXI_4:D1'
     NOR4:I1->O            1   0.223   0.579  XLXI_37/XLXI_11 (Seg_6_OBUF)
     OBUF:I->O                 2.571          Seg_6_OBUF (Seg<6>)
    ----------------------------------------
    Total                      7.472ns (3.651ns logic, 3.821ns route)
                                       (48.9% logic, 51.1% route)

=========================================================================

Cross Clock Domains Report:
--------------------------

Clock to Setup on destination clock XLXN_66
---------------+---------+---------+---------+---------+
               | Src:Rise| Src:Fall| Src:Rise| Src:Fall|
Source Clock   |Dest:Rise|Dest:Rise|Dest:Fall|Dest:Fall|
---------------+---------+---------+---------+---------+
XLXN_66        |    4.076|         |         |         |
---------------+---------+---------+---------+---------+

=========================================================================


Total REAL time to Xst completion: 3.00 secs
Total CPU time to Xst completion: 3.48 secs
 
--> 

Total memory usage is 4487056 kilobytes

Number of errors   :    0 (   0 filtered)
Number of warnings :    3 (   0 filtered)
Number of infos    :    6 (   0 filtered)

