
****** PlanAhead v14.7
  **** Build 321239 by xbuild on Fri Sep 27 19:31:35 MDT 2013
    ** Copyright 1986-1999, 2001-2013 Xilinx, Inc. All Rights Reserved.

INFO: [Common 17-78] Attempting to get a license: PlanAhead
INFO: [Common 17-290] Got license for PlanAhead
INFO: [Device 21-36] Loading parts and site information from C:/Xilinx/14.7/ISE_DS/PlanAhead/data/parts/arch.xml
Parsing RTL primitives file [C:/Xilinx/14.7/ISE_DS/PlanAhead/data/parts/xilinx/rtl/prims/rtl_prims.xml]
Finished parsing RTL primitives file [C:/Xilinx/14.7/ISE_DS/PlanAhead/data/parts/xilinx/rtl/prims/rtl_prims.xml]
start_gui
source C:/Digi/Ex_1/pa.fromHdl.tcl
# create_project -name Ex_1 -dir "C:/Digi/Ex_1/planAhead_run_1" -part xc6slx9tqg144-3
# set_param project.pinAheadLayout yes
# set srcset [get_property srcset [current_run -impl]]
# set_property target_constrs_file "kanor.ucf" [current_fileset -constrset]
Adding file 'C:/Digi/Ex_1/kanor.ucf' to fileset 'constrs_1'
# set hdlfile [add_files [list {kanor.vf}]]
# set_property file_type Verilog $hdlfile
# set_property library work $hdlfile
# set_property top kanor $srcset
# add_files [list {kanor.ucf}] -fileset [get_property constrset [current_run]]
# open_rtl_design -part xc6slx9tqg144-3
Using Verific elaboration
Parsing VHDL file "C:/Xilinx/14.7/ISE_DS/PlanAhead/data/parts/xilinx/rtl/lib/synplify/synattr.vhd" into library synplify
Analyzing Verilog file "C:/Digi/Ex_1/kanor.vf" into library work
Loading clock regions from C:/Xilinx/14.7/ISE_DS/PlanAhead/data\parts/xilinx/spartan6/spartan6lx/xc6slx9/ClockRegion.xml
Loading clock buffers from C:/Xilinx/14.7/ISE_DS/PlanAhead/data\parts/xilinx/spartan6/spartan6lx/xc6slx9/ClockBuffers.xml
Loading package pin functions from C:/Xilinx/14.7/ISE_DS/PlanAhead/data\parts/xilinx/spartan6/PinFunctions.xml...
Loading package from C:/Xilinx/14.7/ISE_DS/PlanAhead/data\parts/xilinx/spartan6/spartan6lx/xc6slx9/tqg144/Package.xml
Loading io standards from C:/Xilinx/14.7/ISE_DS/PlanAhead/data\./parts/xilinx/spartan6/IOStandards.xml
Loading device configuration modes from C:/Xilinx/14.7/ISE_DS/PlanAhead/data\parts/xilinx/spartan6/ConfigModes.xml
Loading list of drcs for the architecture : C:/Xilinx/14.7/ISE_DS/PlanAhead/data\./parts/xilinx/spartan6/drc.xml
Parsing UCF File [C:/Digi/Ex_1/kanor.ucf]
Finished Parsing UCF File [C:/Digi/Ex_1/kanor.ucf]
INFO: [Project 1-111] Unisim Transformation Summary:
No Unisim elements were transformed.

Phase 0 | Netlist Checksum: b733bb9c
open_rtl_design: Time (s): elapsed = 00:00:06 . Memory (MB): peak = 567.520 ; gain = 117.672
update_compile_order -fileset sim_1
startgroup
set_property package_pin P55 [get_ports a]
endgroup
startgroup
set_property package_pin P56 [get_ports b]
endgroup
startgroup
set_property package_pin P57 [get_ports c]
endgroup
startgroup
set_property package_pin P58 [get_ports d]
endgroup
startgroup
set_property package_pin P59 [get_ports e]
endgroup
startgroup
set_property package_pin P83 [get_ports kanorO]
endgroup
save_constraints
startgroup
set_property package_pin P67 [get_ports kanorO]
endgroup
save_constraints
exit
ERROR: [Common 17-39] 'stop_gui' failed due to earlier errors.
INFO: [Common 17-206] Exiting PlanAhead at Tue Nov 23 13:43:06 2021...
INFO: [Common 17-83] Releasing license: PlanAhead
