Release 14.7 - xst P.20131013 (nt64)
Copyright (c) 1995-2013 Xilinx, Inc.  All rights reserved.
--> Parameter TMPDIR set to xst/projnav.tmp


Total REAL time to Xst completion: 0.00 secs
Total CPU time to Xst completion: 0.09 secs
 
--> Parameter xsthdpdir set to xst


Total REAL time to Xst completion: 0.00 secs
Total CPU time to Xst completion: 0.09 secs
 
--> Reading design: main.prj

TABLE OF CONTENTS
  1) Synthesis Options Summary
  2) HDL Parsing
  3) HDL Elaboration
  4) HDL Synthesis
       4.1) HDL Synthesis Report
  5) Advanced HDL Synthesis
       5.1) Advanced HDL Synthesis Report
  6) Low Level Synthesis
  7) Partition Report
  8) Design Summary
       8.1) Primitive and Black Box Usage
       8.2) Device utilization summary
       8.3) Partition Resource Summary
       8.4) Timing Report
            8.4.1) Clock Information
            8.4.2) Asynchronous Control Signals Information
            8.4.3) Timing Summary
            8.4.4) Timing Details
            8.4.5) Cross Clock Domains Report


=========================================================================
*                      Synthesis Options Summary                        *
=========================================================================
---- Source Parameters
Input File Name                    : "main.prj"
Ignore Synthesis Constraint File   : NO

---- Target Parameters
Output File Name                   : "main"
Output Format                      : NGC
Target Device                      : xc6slx9-3-tqg144

---- Source Options
Top Module Name                    : main
Automatic FSM Extraction           : YES
FSM Encoding Algorithm             : Auto
Safe Implementation                : No
FSM Style                          : LUT
RAM Extraction                     : Yes
RAM Style                          : Auto
ROM Extraction                     : Yes
Shift Register Extraction          : YES
ROM Style                          : Auto
Resource Sharing                   : YES
Asynchronous To Synchronous        : NO
Shift Register Minimum Size        : 2
Use DSP Block                      : Auto
Automatic Register Balancing       : No

---- Target Options
LUT Combining                      : Auto
Reduce Control Sets                : Auto
Add IO Buffers                     : YES
Global Maximum Fanout              : 100000
Add Generic Clock Buffer(BUFG)     : 16
Register Duplication               : YES
Optimize Instantiated Primitives   : NO
Use Clock Enable                   : Auto
Use Synchronous Set                : Auto
Use Synchronous Reset              : Auto
Pack IO Registers into IOBs        : Auto
Equivalent register Removal        : YES

---- General Options
Optimization Goal                  : Speed
Optimization Effort                : 1
Power Reduction                    : NO
Keep Hierarchy                     : No
Netlist Hierarchy                  : As_Optimized
RTL Output                         : Yes
Global Optimization                : AllClockNets
Read Cores                         : YES
Write Timing Constraints           : NO
Cross Clock Analysis               : NO
Hierarchy Separator                : /
Bus Delimiter                      : <>
Case Specifier                     : Maintain
Slice Utilization Ratio            : 100
BRAM Utilization Ratio             : 100
DSP48 Utilization Ratio            : 100
Auto BRAM Packing                  : NO
Slice Utilization Ratio Delta      : 5

=========================================================================


=========================================================================
*                          HDL Parsing                                  *
=========================================================================
Analyzing Verilog file "C:\Digi\count2seg\HEXto7Seg.vf" into library work
Parsing module <D4_16E_HXILINX_HEXto7Seg>.
Parsing module <NOR6_HXILINX_HEXto7Seg>.
Parsing module <HEXto7Seg>.
Analyzing Verilog file "C:\Digi\count2seg\main.vf" into library work
Parsing module <CB4CE_HXILINX_main>.
Parsing module <main>.

=========================================================================
*                            HDL Elaboration                            *
=========================================================================

Elaborating module <main>.

Elaborating module <AND4>.

Elaborating module <INV>.

Elaborating module <VCC>.

Elaborating module <OR2>.

Elaborating module <GND>.

Elaborating module <CB4CE_HXILINX_main>.
WARNING:HDLCompiler:413 - "C:\Digi\count2seg\main.vf" Line 48: Result of 5-bit expression is truncated to fit in 4-bit target.

Elaborating module <HEXto7Seg>.

Elaborating module <D4_16E_HXILINX_HEXto7Seg>.

Elaborating module <NOR4>.

Elaborating module <NOR6_HXILINX_HEXto7Seg>.

Elaborating module <NOR5>.

=========================================================================
*                           HDL Synthesis                               *
=========================================================================

Synthesizing Unit <main>.
    Related source file is "C:\Digi\count2seg\main.vf".
    Set property "HU_SET = XLXI_53_1" for instance <XLXI_53>.
    Set property "HU_SET = XLXI_97_0" for instance <XLXI_97>.
INFO:Xst:3210 - "C:\Digi\count2seg\main.vf" line 123: Output port <CEO> of the instance <XLXI_53> is unconnected or connected to loadless signal.
INFO:Xst:3210 - "C:\Digi\count2seg\main.vf" line 123: Output port <TC> of the instance <XLXI_53> is unconnected or connected to loadless signal.
INFO:Xst:3210 - "C:\Digi\count2seg\main.vf" line 159: Output port <CEO> of the instance <XLXI_97> is unconnected or connected to loadless signal.
INFO:Xst:3210 - "C:\Digi\count2seg\main.vf" line 159: Output port <TC> of the instance <XLXI_97> is unconnected or connected to loadless signal.
    Summary:
	no macro.
Unit <main> synthesized.

Synthesizing Unit <CB4CE_HXILINX_main>.
    Related source file is "C:\Digi\count2seg\main.vf".
    Found 1-bit register for signal <Q1>.
    Found 1-bit register for signal <Q2>.
    Found 1-bit register for signal <Q3>.
    Found 1-bit register for signal <Q0>.
    Found 4-bit adder for signal <Q3_GND_7_o_add_0_OUT> created at line 48.
    Summary:
	inferred   1 Adder/Subtractor(s).
	inferred   4 D-type flip-flop(s).
Unit <CB4CE_HXILINX_main> synthesized.

Synthesizing Unit <HEXto7Seg>.
    Related source file is "C:\Digi\count2seg\HEXto7Seg.vf".
    Set property "HU_SET = XLXI_4_0" for instance <XLXI_4>.
    Set property "HU_SET = XLXI_6_1" for instance <XLXI_6>.
    Set property "HU_SET = XLXI_9_2" for instance <XLXI_9>.
INFO:Xst:3210 - "C:\Digi\count2seg\HEXto7Seg.vf" line 137: Output port <D8> of the instance <XLXI_4> is unconnected or connected to loadless signal.
    Summary:
	no macro.
Unit <HEXto7Seg> synthesized.

Synthesizing Unit <D4_16E_HXILINX_HEXto7Seg>.
    Related source file is "C:\Digi\count2seg\HEXto7Seg.vf".
    Summary:
	inferred  16 Multiplexer(s).
Unit <D4_16E_HXILINX_HEXto7Seg> synthesized.

Synthesizing Unit <NOR6_HXILINX_HEXto7Seg>.
    Related source file is "C:\Digi\count2seg\HEXto7Seg.vf".
    Summary:
	no macro.
Unit <NOR6_HXILINX_HEXto7Seg> synthesized.

=========================================================================
HDL Synthesis Report

Macro Statistics
# Adders/Subtractors                                   : 2
 4-bit adder                                           : 2
# Registers                                            : 8
 1-bit register                                        : 8
# Multiplexers                                         : 32
 1-bit 2-to-1 multiplexer                              : 32

=========================================================================

=========================================================================
*                       Advanced HDL Synthesis                          *
=========================================================================


=========================================================================
Advanced HDL Synthesis Report

Macro Statistics
# Adders/Subtractors                                   : 2
 4-bit adder                                           : 2
# Registers                                            : 8
 Flip-Flops                                            : 8
# Multiplexers                                         : 32
 1-bit 2-to-1 multiplexer                              : 32

=========================================================================

=========================================================================
*                         Low Level Synthesis                           *
=========================================================================

Optimizing unit <main> ...

Optimizing unit <HEXto7Seg> ...

Optimizing unit <CB4CE_HXILINX_main> ...

Optimizing unit <D4_16E_HXILINX_HEXto7Seg> ...

Optimizing unit <NOR6_HXILINX_HEXto7Seg> ...

Mapping all equations...
Building and optimizing final netlist ...
Found area constraint ratio of 100 (+ 5) on block main, actual ratio is 0.

Final Macro Processing ...

=========================================================================
Final Register Report

Macro Statistics
# Registers                                            : 8
 Flip-Flops                                            : 8

=========================================================================

=========================================================================
*                           Partition Report                            *
=========================================================================

Partition Implementation Status
-------------------------------

  No Partitions were found in this design.

-------------------------------

=========================================================================
*                            Design Summary                             *
=========================================================================

Top Level Output File Name         : main.ngc

Primitive and Black Box Usage:
------------------------------
# BELS                             : 58
#      AND4                        : 4
#      GND                         : 1
#      INV                         : 10
#      LUT2                        : 2
#      LUT3                        : 2
#      LUT4                        : 32
#      LUT6                        : 4
#      OR2                         : 2
#      VCC                         : 1
# FlipFlops/Latches                : 8
#      FDCE                        : 8
# IO Buffers                       : 22
#      IBUF                        : 2
#      OBUF                        : 20
# Logical                          : 10
#      NOR4                        : 6
#      NOR5                        : 4

Device utilization summary:
---------------------------

Selected Device : 6slx9tqg144-3 


Slice Logic Utilization: 
 Number of Slice Registers:               8  out of  11440     0%  
 Number of Slice LUTs:                   50  out of   5720     0%  
    Number used as Logic:                50  out of   5720     0%  

Slice Logic Distribution: 
 Number of LUT Flip Flop pairs used:     58
   Number with an unused Flip Flop:      50  out of     58    86%  
   Number with an unused LUT:             8  out of     58    13%  
   Number of fully used LUT-FF pairs:     0  out of     58     0%  
   Number of unique control sets:         2

IO Utilization: 
 Number of IOs:                          22
 Number of bonded IOBs:                  22  out of    102    21%  

Specific Feature Utilization:

---------------------------
Partition Resource Summary:
---------------------------

  No Partitions were found in this design.

---------------------------


=========================================================================
Timing Report

NOTE: THESE TIMING NUMBERS ARE ONLY A SYNTHESIS ESTIMATE.
      FOR ACCURATE TIMING INFORMATION PLEASE REFER TO THE TRACE REPORT
      GENERATED AFTER PLACE-and-ROUTE.

Clock Information:
------------------
-----------------------------------+------------------------+-------+
Clock Signal                       | Clock buffer(FF name)  | Load  |
-----------------------------------+------------------------+-------+
com0_OBUF(XLXI_92:O)               | NONE(*)(XLXI_97/Q3)    | 4     |
Com1_OBUF(XLXI_21:O)               | NONE(*)(XLXI_53/Q3)    | 4     |
-----------------------------------+------------------------+-------+
(*) These 2 clock signal(s) are generated by combinatorial logic,
and XST is not able to identify which are the primary clock signals.
Please use the CLOCK_SIGNAL constraint to specify the clock signal(s) generated by combinatorial logic.
INFO:Xst:2169 - HDL ADVISOR - Some clock signals were not automatically buffered by XST with BUFG/BUFR resources. Please use the buffer_type constraint in order to insert these buffers to the clock signals to help prevent skew problems.

Asynchronous Control Signals Information:
----------------------------------------
No asynchronous control signals found in this design

Timing Summary:
---------------
Speed Grade: -3

   Minimum period: 3.240ns (Maximum Frequency: 308.623MHz)
   Minimum input arrival time before clock: No path found
   Maximum output required time after clock: 6.443ns
   Maximum combinational path delay: 5.654ns

Timing Details:
---------------
All values displayed in nanoseconds (ns)

=========================================================================
Timing constraint: Default period analysis for Clock 'com0_OBUF'
  Clock period: 3.240ns (frequency: 308.623MHz)
  Total number of paths / destination ports: 26 / 8
-------------------------------------------------------------------------
Delay:               3.240ns (Levels of Logic = 2)
  Source:            XLXI_97/Q0 (FF)
  Destination:       XLXI_97/Q3 (FF)
  Source Clock:      com0_OBUF rising
  Destination Clock: com0_OBUF rising

  Data Path: XLXI_97/Q0 to XLXI_97/Q3
                                Gate     Net
    Cell:in->out      fanout   Delay   Delay  Logical Name (Net Name)
    ----------------------------------------  ------------
     FDCE:C->Q            21   0.447   1.342  Q0 (Q0)
     end scope: 'XLXI_97:Q0'
     AND4:I3->O            4   0.339   0.683  XLXI_91 (XLXN_125)
     begin scope: 'XLXI_97:CLR'
     FDCE:CLR                  0.430          Q3
    ----------------------------------------
    Total                      3.240ns (1.216ns logic, 2.024ns route)
                                       (37.5% logic, 62.5% route)

=========================================================================
Timing constraint: Default period analysis for Clock 'Com1_OBUF'
  Clock period: 3.240ns (frequency: 308.623MHz)
  Total number of paths / destination ports: 26 / 8
-------------------------------------------------------------------------
Delay:               3.240ns (Levels of Logic = 2)
  Source:            XLXI_53/Q0 (FF)
  Destination:       XLXI_53/Q3 (FF)
  Source Clock:      Com1_OBUF rising
  Destination Clock: Com1_OBUF rising

  Data Path: XLXI_53/Q0 to XLXI_53/Q3
                                Gate     Net
    Cell:in->out      fanout   Delay   Delay  Logical Name (Net Name)
    ----------------------------------------  ------------
     FDCE:C->Q            21   0.447   1.342  Q0 (Q0)
     end scope: 'XLXI_53:Q0'
     AND4:I3->O            4   0.339   0.683  XLXI_2 (XLXN_4)
     begin scope: 'XLXI_53:CLR'
     FDCE:CLR                  0.430          Q3
    ----------------------------------------
    Total                      3.240ns (1.216ns logic, 2.024ns route)
                                       (37.5% logic, 62.5% route)

=========================================================================
Timing constraint: Default OFFSET OUT AFTER for Clock 'Com1_OBUF'
  Total number of paths / destination ports: 140 / 8
-------------------------------------------------------------------------
Offset:              6.443ns (Levels of Logic = 5)
  Source:            XLXI_53/Q0 (FF)
  Destination:       Seg<6> (PAD)
  Source Clock:      Com1_OBUF rising

  Data Path: XLXI_53/Q0 to Seg<6>
                                Gate     Net
    Cell:in->out      fanout   Delay   Delay  Logical Name (Net Name)
    ----------------------------------------  ------------
     FDCE:C->Q            21   0.447   1.361  Q0 (Q0)
     end scope: 'XLXI_53:Q0'
     begin scope: 'XLXI_60/XLXI_4:A0'
     LUT4:I0->O            5   0.203   1.059  Mmux_D1111 (D1)
     end scope: 'XLXI_60/XLXI_4:D1'
     NOR4:I1->O            1   0.223   0.579  XLXI_60/XLXI_11 (Seg_6_OBUF)
     OBUF:I->O                 2.571          Seg_6_OBUF (Seg<6>)
    ----------------------------------------
    Total                      6.443ns (3.444ns logic, 2.999ns route)
                                       (53.5% logic, 46.5% route)

=========================================================================
Timing constraint: Default OFFSET OUT AFTER for Clock 'com0_OBUF'
  Total number of paths / destination ports: 140 / 8
-------------------------------------------------------------------------
Offset:              6.443ns (Levels of Logic = 5)
  Source:            XLXI_97/Q0 (FF)
  Destination:       seg0<6> (PAD)
  Source Clock:      com0_OBUF rising

  Data Path: XLXI_97/Q0 to seg0<6>
                                Gate     Net
    Cell:in->out      fanout   Delay   Delay  Logical Name (Net Name)
    ----------------------------------------  ------------
     FDCE:C->Q            21   0.447   1.361  Q0 (Q0)
     end scope: 'XLXI_97:Q0'
     begin scope: 'XLXI_102/XLXI_4:A0'
     LUT4:I0->O            5   0.203   1.059  Mmux_D1111 (D1)
     end scope: 'XLXI_102/XLXI_4:D1'
     NOR4:I1->O            1   0.223   0.579  XLXI_102/XLXI_11 (seg0_6_OBUF)
     OBUF:I->O                 2.571          seg0_6_OBUF (seg0<6>)
    ----------------------------------------
    Total                      6.443ns (3.444ns logic, 2.999ns route)
                                       (53.5% logic, 46.5% route)

=========================================================================
Timing constraint: Default path analysis
  Total number of paths / destination ports: 2 / 2
-------------------------------------------------------------------------
Delay:               5.654ns (Levels of Logic = 3)
  Source:            XLXN_127 (PAD)
  Destination:       com0 (PAD)

  Data Path: XLXN_127 to com0
                                Gate     Net
    Cell:in->out      fanout   Delay   Delay  Logical Name (Net Name)
    ----------------------------------------  ------------
     IBUF:I->O             1   1.222   0.944  XLXN_127_IBUF (XLXN_127_IBUF)
     OR2:I0->O             5   0.203   0.714  XLXI_92 (com0_OBUF)
     OBUF:I->O                 2.571          com0_OBUF (com0)
    ----------------------------------------
    Total                      5.654ns (3.996ns logic, 1.658ns route)
                                       (70.7% logic, 29.3% route)

=========================================================================

Cross Clock Domains Report:
--------------------------

Clock to Setup on destination clock Com1_OBUF
---------------+---------+---------+---------+---------+
               | Src:Rise| Src:Fall| Src:Rise| Src:Fall|
Source Clock   |Dest:Rise|Dest:Rise|Dest:Fall|Dest:Fall|
---------------+---------+---------+---------+---------+
Com1_OBUF      |    3.240|         |         |         |
---------------+---------+---------+---------+---------+

Clock to Setup on destination clock com0_OBUF
---------------+---------+---------+---------+---------+
               | Src:Rise| Src:Fall| Src:Rise| Src:Fall|
Source Clock   |Dest:Rise|Dest:Rise|Dest:Fall|Dest:Fall|
---------------+---------+---------+---------+---------+
com0_OBUF      |    3.240|         |         |         |
---------------+---------+---------+---------+---------+

=========================================================================


Total REAL time to Xst completion: 4.00 secs
Total CPU time to Xst completion: 3.52 secs
 
--> 

Total memory usage is 4487056 kilobytes

Number of errors   :    0 (   0 filtered)
Number of warnings :    1 (   0 filtered)
Number of infos    :    6 (   0 filtered)

