--------------------------------------------------------------------------------
Release 14.7 Trace  (nt64)
Copyright (c) 1995-2013 Xilinx, Inc.  All rights reserved.

C:\Xilinx\14.7\ISE_DS\ISE\bin\nt64\unwrapped\trce.exe -intstyle ise -v 3 -s 3
-n 3 -fastpaths -xml halfadder.twx halfadder.ncd -o halfadder.twr halfadder.pcf

Design file:              halfadder.ncd
Physical constraint file: halfadder.pcf
Device,package,speed:     xc6slx9,tqg144,C,-3 (PRODUCTION 1.23 2013-10-13)
Report level:             verbose report

Environment Variable      Effect 
--------------------      ------ 
NONE                      No environment variables were set
--------------------------------------------------------------------------------

INFO:Timing:2698 - No timing constraints found, doing default enumeration.
INFO:Timing:3412 - To improve timing, see the Timing Closure User Guide (UG612).
INFO:Timing:2752 - To get complete path coverage, use the unconstrained paths 
   option. All paths that are not constrained will be reported in the 
   unconstrained paths section(s) of the report.
INFO:Timing:3339 - The clock-to-out numbers in this timing report are based on 
   a 50 Ohm transmission line loading model.  For the details of this model, 
   and for more information on accounting for different loading conditions, 
   please see the device datasheet.



Data Sheet report:
-----------------
All values displayed in nanoseconds (ns)

Pad to Pad
---------------+---------------+---------+
Source Pad     |Destination Pad|  Delay  |
---------------+---------------+---------+
x1             |a              |    7.268|
x1             |b              |    7.660|
x1             |d              |    7.011|
x1             |e              |    6.482|
x1             |f              |    7.100|
x1             |g              |    7.215|
x2             |a              |    7.286|
x2             |b              |    7.643|
x2             |c              |    6.566|
x2             |d              |    7.079|
x2             |e              |    6.454|
x2             |f              |    6.884|
x2             |g              |    7.304|
x3             |a              |    7.308|
x3             |b              |    7.289|
x3             |c              |    6.417|
x3             |d              |    7.151|
x3             |e              |    6.090|
x3             |f              |    7.008|
x3             |g              |    6.815|
x4             |a              |    6.169|
x4             |b              |    6.348|
x4             |c              |    5.828|
x4             |d              |    6.462|
x4             |e              |    6.466|
x4             |f              |    6.504|
x4             |g              |    6.561|
---------------+---------------+---------+


Analysis completed Tue Nov 09 19:11:11 2021 
--------------------------------------------------------------------------------

Trace Settings:
-------------------------
Trace Settings 

Peak Memory Usage: 4572 MB



