ISim log file
Running: C:\Digi\sevenSeg\halfadder_halfadder_sch_tb_isim_beh.exe -intstyle ise -gui -tclbatch isim.cmd -wdb C:/Digi/sevenSeg/halfadder_halfadder_sch_tb_isim_beh.wdb 
ISim P.20131013 (signature 0x7708f090)
This is a Full version of ISim.
Time resolution is 1 ps
# onerror resume
# wave add /
# run 1000 ns
Simulator is doing circuit initialization process.
Finished circuit initialization process.
x1=0,x2=0,x3=0,x4=0 : a=1,b=1,c=1,d=1,e=1,f=1,g=0
x1=0,x2=0,x3=0,x4=1 : a=0,b=1,c=1,d=0,e=0,f=0,g=0
x1=0,x2=0,x3=1,x4=0 : a=1,b=1,c=0,d=1,e=1,f=0,g=1
x1=0,x2=0,x3=1,x4=1 : a=1,b=1,c=1,d=1,e=0,f=0,g=1
x1=0,x2=1,x3=0,x4=0 : a=0,b=1,c=1,d=0,e=0,f=1,g=1
x1=0,x2=1,x3=0,x4=1 : a=1,b=0,c=1,d=1,e=0,f=1,g=1
x1=0,x2=1,x3=1,x4=0 : a=0,b=0,c=1,d=1,e=1,f=1,g=1
x1=0,x2=1,x3=1,x4=1 : a=1,b=1,c=1,d=0,e=0,f=1,g=0
x1=1,x2=0,x3=0,x4=0 : a=1,b=1,c=1,d=1,e=1,f=1,g=1
x1=1,x2=0,x3=0,x4=1 : a=1,b=1,c=1,d=1,e=0,f=1,g=1
Stopped at time : 50 ns : File "C:/Digi/sevenSeg/sevensegM.v" Line 50
