#-----------------------------------------------------------
# PlanAhead v14.7
# Build 321239 by xbuild on Fri Sep 27 19:31:35 MDT 2013
# Start of session at: Mon Nov 22 19:55:41 2021
# Process ID: 9972
# Log file: C:/Digi/counterOneToFive/planAhead_run_1/planAhead.log
# Journal file: C:/Digi/counterOneToFive/planAhead_run_1/planAhead.jou
#-----------------------------------------------------------
INFO: [Common 17-78] Attempting to get a license: PlanAhead
INFO: [Common 17-290] Got license for PlanAhead
INFO: [Device 21-36] Loading parts and site information from C:/Xilinx/14.7/ISE_DS/PlanAhead/data/parts/arch.xml
Parsing RTL primitives file [C:/Xilinx/14.7/ISE_DS/PlanAhead/data/parts/xilinx/rtl/prims/rtl_prims.xml]
Finished parsing RTL primitives file [C:/Xilinx/14.7/ISE_DS/PlanAhead/data/parts/xilinx/rtl/prims/rtl_prims.xml]
start_gui
source C:/Digi/counterOneToFive/pa.fromHdl.tcl
# create_project -name counterOneToFive -dir "C:/Digi/counterOneToFive/planAhead_run_1" -part xc6slx9tqg144-3
# set_param project.pinAheadLayout yes
# set srcset [get_property srcset [current_run -impl]]
# set_property target_constrs_file "one.ucf" [current_fileset -constrset]
Adding file 'C:/Digi/counterOneToFive/one.ucf' to fileset 'constrs_1'
# set hdlfile [add_files [list {HEXto7Seg.vf}]]
# set_property file_type Verilog $hdlfile
# set_property library work $hdlfile
# set hdlfile [add_files [list {one.vf}]]
# set_property file_type Verilog $hdlfile
# set_property library work $hdlfile
# set_property top one $srcset
# add_files [list {one.ucf}] -fileset [get_property constrset [current_run]]
# open_rtl_design -part xc6slx9tqg144-3
Using Verific elaboration
Parsing VHDL file "C:/Xilinx/14.7/ISE_DS/PlanAhead/data/parts/xilinx/rtl/lib/synplify/synattr.vhd" into library synplify
Analyzing Verilog file "C:/Digi/counterOneToFive/HEXto7Seg.vf" into library work
Analyzing Verilog file "C:/Digi/counterOneToFive/one.vf" into library work
Loading clock regions from C:/Xilinx/14.7/ISE_DS/PlanAhead/data\parts/xilinx/spartan6/spartan6lx/xc6slx9/ClockRegion.xml
Loading clock buffers from C:/Xilinx/14.7/ISE_DS/PlanAhead/data\parts/xilinx/spartan6/spartan6lx/xc6slx9/ClockBuffers.xml
Loading package pin functions from C:/Xilinx/14.7/ISE_DS/PlanAhead/data\parts/xilinx/spartan6/PinFunctions.xml...
Loading package from C:/Xilinx/14.7/ISE_DS/PlanAhead/data\parts/xilinx/spartan6/spartan6lx/xc6slx9/tqg144/Package.xml
Loading io standards from C:/Xilinx/14.7/ISE_DS/PlanAhead/data\./parts/xilinx/spartan6/IOStandards.xml
Loading device configuration modes from C:/Xilinx/14.7/ISE_DS/PlanAhead/data\parts/xilinx/spartan6/ConfigModes.xml
Loading list of drcs for the architecture : C:/Xilinx/14.7/ISE_DS/PlanAhead/data\./parts/xilinx/spartan6/drc.xml
Parsing UCF File [C:/Digi/counterOneToFive/one.ucf]
Finished Parsing UCF File [C:/Digi/counterOneToFive/one.ucf]
INFO: [Project 1-111] Unisim Transformation Summary:
No Unisim elements were transformed.

Phase 0 | Netlist Checksum: f883e7d8
update_compile_order -fileset sim_1
set_property package_pin "" [get_ports [list  Inp]]
set_property package_pin "" [get_ports [list  {Seg[4]}]]
set_property package_pin "" [get_ports [list  {Seg[6]}]]
startgroup
set_property package_pin P41 [get_ports {Seg[0]}]
endgroup
startgroup
set_property package_pin P40 [get_ports {Seg[1]}]
endgroup
startgroup
set_property package_pin P35 [get_ports {Seg[2]}]
endgroup
startgroup
set_property package_pin P34 [get_ports {Seg[3]}]
endgroup
set_property package_pin "" [get_ports [list  {Seg[5]}]]
startgroup
set_property package_pin P32 [get_ports {Seg[4]}]
endgroup
startgroup
set_property package_pin P29 [get_ports {Seg[5]}]
endgroup
startgroup
set_property package_pin P27 [get_ports {Seg[6]}]
endgroup
set_property is_loc_fixed false [get_ports [list  {Seg[0]}]]
set_property package_pin "" [get_ports [list  Inp]]
startgroup
set_property package_pin P83 [get_ports buzzer]
endgroup
startgroup
set_property package_pin P45 [get_ports Inp]
endgroup
set_property package_pin "" [get_ports [list  Sel0]]
save_constraints
exit
ERROR: [PlanAhead 12-106] *** Exception: ui.h.b: Found deleted key in HTclEventBroker. Verify if the classes listed here call cleanup()
HTclEvent: DEBUG_CORE_CONFIG_CHANGE   Classes: ui.views.aR 
HTclEvent: SIGNAL_BUS_MODIFY   Classes: ui.views.aR 
HTclEvent: SIGNAL_MODIFY   Classes: ui.views.aR 
HTclEvent: DEBUG_PORT_CONFIG_CHANGE   Classes: ui.views.aR 
 (See C:/Digi/counterOneToFive\planAhead_pid9972.debug)
ERROR: [Common 17-39] 'stop_gui' failed due to earlier errors.
INFO: [Common 17-206] Exiting PlanAhead at Mon Nov 22 20:08:42 2021...
INFO: [Common 17-83] Releasing license: PlanAhead
