#-----------------------------------------------------------
# PlanAhead v14.7
# Build 321239 by xbuild on Fri Sep 27 19:31:35 MDT 2013
# Start of session at: Fri Nov 19 17:04:43 2021
# Process ID: 27384
# Log file: C:/Users/Parker/Documents/1-2564/Digi/Labs/7/Lab7stopwatch/planAhead_run_2/planAhead.log
# Journal file: C:/Users/Parker/Documents/1-2564/Digi/Labs/7/Lab7stopwatch/planAhead_run_2/planAhead.jou
#-----------------------------------------------------------
INFO: [Common 17-78] Attempting to get a license: PlanAhead
INFO: [Common 17-290] Got license for PlanAhead
INFO: [Device 21-36] Loading parts and site information from C:/Xilinx/14.7/ISE_DS/PlanAhead/data/parts/arch.xml
Parsing RTL primitives file [C:/Xilinx/14.7/ISE_DS/PlanAhead/data/parts/xilinx/rtl/prims/rtl_prims.xml]
Finished parsing RTL primitives file [C:/Xilinx/14.7/ISE_DS/PlanAhead/data/parts/xilinx/rtl/prims/rtl_prims.xml]
start_gui
source C:/Users/Parker/Documents/1-2564/Digi/Labs/7/Lab7stopwatch/pa.fromHdl.tcl
# create_project -name Lab7stopwatch -dir "C:/Users/Parker/Documents/1-2564/Digi/Labs/7/Lab7stopwatch/planAhead_run_2" -part xc6slx9tqg144-3
# set_param project.pinAheadLayout yes
# set srcset [get_property srcset [current_run -impl]]
# set_property target_constrs_file "C:/Users/Parker/Documents/1-2564/Digi/Labs/7/Lab7stopwatch/StopWatchPin.ucf" [current_fileset -constrset]
Adding file 'C:/Users/Parker/Documents/1-2564/Digi/Labs/7/Lab7stopwatch/StopWatchPin.ucf' to fileset 'constrs_1'
# set hdlfile [add_files [list {Counter0_9.vf}]]
# set_property file_type Verilog $hdlfile
# set_property library work $hdlfile
# set hdlfile [add_files [list {Counter0_5.vf}]]
# set_property file_type Verilog $hdlfile
# set_property library work $hdlfile
# set hdlfile [add_files [list {BCDto7Seg.vf}]]
# set_property file_type Verilog $hdlfile
# set_property library work $hdlfile
# set hdlfile [add_files [list {Div20k.vf}]]
# set_property file_type Verilog $hdlfile
# set_property library work $hdlfile
# set hdlfile [add_files [list {Div1k.vf}]]
# set_property file_type Verilog $hdlfile
# set_property library work $hdlfile
# set hdlfile [add_files [list {Display.vf}]]
# set_property file_type Verilog $hdlfile
# set_property library work $hdlfile
# set hdlfile [add_files [list {ClockMM_SS.vf}]]
# set_property file_type Verilog $hdlfile
# set_property library work $hdlfile
# set hdlfile [add_files [list {ClockControl.vf}]]
# set_property file_type Verilog $hdlfile
# set_property library work $hdlfile
# set hdlfile [add_files [list {StopWatch.vf}]]
# set_property file_type Verilog $hdlfile
# set_property library work $hdlfile
# set hdlfile [add_files [list {main.vf}]]
# set_property file_type Verilog $hdlfile
# set_property library work $hdlfile
# set_property top main $srcset
# add_files [list {StopWatchPin.ucf}] -fileset [get_property constrset [current_run]]
# add_files [list {main.ucf}] -fileset [get_property constrset [current_run]]
# open_rtl_design -part xc6slx9tqg144-3
Using Verific elaboration
Parsing VHDL file "C:/Xilinx/14.7/ISE_DS/PlanAhead/data/parts/xilinx/rtl/lib/synplify/synattr.vhd" into library synplify
Analyzing Verilog file "C:/Users/Parker/Documents/1-2564/Digi/Labs/7/Lab7stopwatch/main.vf" into library work
Loading clock regions from C:/Xilinx/14.7/ISE_DS/PlanAhead/data\parts/xilinx/spartan6/spartan6lx/xc6slx9/ClockRegion.xml
Loading clock buffers from C:/Xilinx/14.7/ISE_DS/PlanAhead/data\parts/xilinx/spartan6/spartan6lx/xc6slx9/ClockBuffers.xml
Loading package pin functions from C:/Xilinx/14.7/ISE_DS/PlanAhead/data\parts/xilinx/spartan6/PinFunctions.xml...
Loading package from C:/Xilinx/14.7/ISE_DS/PlanAhead/data\parts/xilinx/spartan6/spartan6lx/xc6slx9/tqg144/Package.xml
Loading io standards from C:/Xilinx/14.7/ISE_DS/PlanAhead/data\./parts/xilinx/spartan6/IOStandards.xml
Loading device configuration modes from C:/Xilinx/14.7/ISE_DS/PlanAhead/data\parts/xilinx/spartan6/ConfigModes.xml
Loading list of drcs for the architecture : C:/Xilinx/14.7/ISE_DS/PlanAhead/data\./parts/xilinx/spartan6/drc.xml
Parsing UCF File [C:/Users/Parker/Documents/1-2564/Digi/Labs/7/Lab7stopwatch/StopWatchPin.ucf]
Finished Parsing UCF File [C:/Users/Parker/Documents/1-2564/Digi/Labs/7/Lab7stopwatch/StopWatchPin.ucf]
Parsing UCF File [C:/Users/Parker/Documents/1-2564/Digi/Labs/7/Lab7stopwatch/main.ucf]
Finished Parsing UCF File [C:/Users/Parker/Documents/1-2564/Digi/Labs/7/Lab7stopwatch/main.ucf]
INFO: [Project 1-111] Unisim Transformation Summary:
No Unisim elements were transformed.

Phase 0 | Netlist Checksum: 191f2174
open_rtl_design: Time (s): elapsed = 00:00:07 . Memory (MB): peak = 581.047 ; gain = 118.262
update_compile_order -fileset sim_1
exit
ERROR: [PlanAhead 12-106] *** Exception: ui.h.b: Found deleted key in HTclEventBroker. Verify if the classes listed here call cleanup()
HTclEvent: DEBUG_PORT_CONFIG_CHANGE   Classes: ui.views.aR 
HTclEvent: SIGNAL_MODIFY   Classes: ui.views.aR 
HTclEvent: DEBUG_CORE_CONFIG_CHANGE   Classes: ui.views.aR 
HTclEvent: SIGNAL_BUS_MODIFY   Classes: ui.views.aR 
 (See C:/Users/Parker/Documents/1-2564/Digi/Labs/7/Lab7stopwatch\planAhead_pid27384.debug)
ERROR: [Common 17-39] 'stop_gui' failed due to earlier errors.
INFO: [Common 17-206] Exiting PlanAhead at Fri Nov 19 17:06:25 2021...
INFO: [Common 17-83] Releasing license: PlanAhead
