ISim log file
Running: C:\Digi\ff1\ff1_ff1_sch_tb_isim_beh.exe -intstyle ise -gui -tclbatch isim.cmd -wdb C:/Digi/ff1/ff1_ff1_sch_tb_isim_beh.wdb 
ISim P.20131013 (signature 0x7708f090)
This is a Full version of ISim.
Time resolution is 1 ps
# onerror resume
# wave add /
# run 1000 ns
Simulator is doing circuit initialization process.
Finished circuit initialization process.
001
010
011
100
101
110
001
010
011
100
101
110
001
010
011
100
101
110
001
010
011
100
101
110
001
Stopped at time : 500 ns : File "C:/Digi/ff1/test.v" Line 28
