Running: C:\Xilinx\14.7\ISE_DS\ISE\bin\nt64\unwrapped\fuse.exe -intstyle ise -incremental -lib unisims_ver -lib unimacro_ver -lib xilinxcorelib_ver -lib secureip -o C:/Digi/lab66/lab66_lab66_sch_tb_isim_beh.exe -prj C:/Digi/lab66/lab66_lab66_sch_tb_beh.prj work.lab66_lab66_sch_tb work.glbl 
ISim P.20131013 (signature 0x7708f090)
Number of CPUs detected in this system: 16
Turning on mult-threading, number of parallel sub-compilation jobs: 32 
Determining compilation order of HDL files
Analyzing Verilog file "C:/Digi/lab66/lab66.vf" into library work
Analyzing Verilog file "C:/Digi/lab66/final.v" into library work
Analyzing Verilog file "C:/Xilinx/14.7/ISE_DS/ISE//verilog/src/glbl.v" into library work
Starting static elaboration
Completed static elaboration
Compiling module VCC
Compiling module FJKC_HXILINX_lab66
Compiling module AND2
Compiling module AND3
Compiling module INV
Compiling module OR3
Compiling module OR4
Compiling module OR5
Compiling module OR2
Compiling module XOR2
Compiling module AND4B4
Compiling module lab66
Compiling module lab66_lab66_sch_tb
Compiling module glbl
Time Resolution for simulation is 1ps.
Waiting for 1 sub-compilation(s) to finish...
Compiled 14 Verilog Units
Built simulation executable C:/Digi/lab66/lab66_lab66_sch_tb_isim_beh.exe
Fuse Memory Usage: 28076 KB
Fuse CPU Usage: 374 ms
